<?xml version="1.0" encoding="UTF-8"?>
<!-- Generated by org.testng.reporters.JUnitReportReporter -->
<testsuite hostname="ATIQUE-CA" failures="0" tests="1" name="testcases.HeadPhPurcahse" time="31.539" errors="0" timestamp="2020-12-27T14:11:35 EST" skipped="0">
  <testcase classname="testcases.HeadPhPurcahse" name="loginValidation" time="31.539"/>
  <system-out/>
</testsuite> <!-- testcases.HeadPhPurcahse -->
