<?xml version="1.0" encoding="UTF-8"?>
<!-- Generated by org.testng.reporters.JUnitReportReporter -->
<testsuite hostname="ATIQUE-CA" failures="0" tests="1" name="testcases.SearchOptionValidation" time="21.450" errors="0" timestamp="2020-12-27T14:13:51 EST" skipped="0">
  <testcase classname="testcases.SearchOptionValidation" name="loginValidation" time="21.450"/>
  <system-out/>
</testsuite> <!-- testcases.SearchOptionValidation -->
