<?xml version="1.0" encoding="UTF-8"?>
<!-- Generated by org.testng.reporters.JUnitReportReporter -->
<testsuite hostname="ATIQUE-CA" failures="0" tests="1" name="testcases.HpTabx2Purchase" time="31.335" errors="0" timestamp="2020-12-27T14:11:35 EST" skipped="0">
  <testcase classname="testcases.HpTabx2Purchase" name="loginValidation" time="31.335"/>
  <system-out/>
</testsuite> <!-- testcases.HpTabx2Purchase -->
